
2015-02-20 18:39:04.058529 On air now p02jwccq:Simon Mayo Drivetime:All Request Friday!
2015-02-20 18:39:04.058686 On air next p02jwccs:Desmond Carrington: The Music Goes Round:The Biker
2015-02-20 18:39:04.059614 On air next p02jwcct:Friday Night is Music Night:Elaine Paige
2015-02-20 18:39:04.067079 On air next p02jwccw:The Radio 2 Arts Show with Claudia Winkleman:Anneka Rice sits in
2015-02-20 18:39:04.068372 On air next p02jwccx:After Midnight:With Alex Lester
2015-02-20 18:39:04.076013 On air next p02jwccz:Huey Morgan:21/02/2015
2015-02-20 18:39:04.534968 On air now p02jwb06:Test Match Special:Cricket World Cup 2015, Highlights: New Zealand v England
2015-02-20 18:39:04.535498 On air next p02jw9zp:Test Match Special:Cricket World Cup 2015, Highlights: New Zealand v England
2015-02-20 18:39:04.535620 On air next p02kglv8:Coming up on 5 live sports extra:20/02/2015
2015-02-20 18:39:04.536466 On air next p02jwb07:Cycling:20/02/2015
2015-02-20 18:39:04.536908 On air next p02jwb08:Coming up on 5 live sports extra:20/02/2015
2015-02-20 18:39:04.537247 On air next p02jwb09:Test Match Special:Cricket World Cup 2015, Pakistan v West Indies and Australia v Bangladesh
2015-02-20 18:39:04.537546 On air next p02k70xk:Test Match Special:Cricket World Cup 2015, Pakistan v West Indies and Australia v Bangladesh
2015-02-20 18:39:05.150062 On air now p02k0whk:World Business Report:Crunch talks on Greek crisis
2015-02-20 18:39:05.150309 On air next p02k0whl:BBC News:20/02/2015
2015-02-20 18:39:05.150597 On air next p02k0whm:World Have Your Say:Banning commercial surrogacy
2015-02-20 18:39:05.154926 On air next p02k0whn:BBC News:20/02/2015
2015-02-20 18:39:05.155384 On air next p02k0whp:The Newsroom:20/02/2015
2015-02-20 18:39:05.155631 On air next p02k0whq:BBC News Summary:20/02/2015
2015-02-20 18:39:05.155984 On air next p02k0whr:The Food Chain:Tech at the Table
2015-02-20 18:39:05.156316 On air next p02k0whs:BBC News:20/02/2015
2015-02-20 18:39:05.156592 On air next p02k0wht:Hardtalk:Bernd Lucke
2015-02-20 18:39:05.156971 On air next p02k0whv:BBC News Summary:20/02/2015
2015-02-20 18:39:05.157318 On air next p02k0whw:The World This Week:A new deal for Greece? Is the euro safe?
2015-02-20 18:39:05.157609 On air next p02k0whx:BBC News:20/02/2015
2015-02-20 18:39:05.157929 On air next p02k0why:Newshour:20/02/2015
2015-02-20 18:39:05.158210 On air next p02k0whz:BBC News:20/02/2015
2015-02-20 18:39:05.158439 On air next p02k0wj0:The Newsroom:20/02/2015
2015-02-20 18:39:05.158686 On air next p02k0wj1:BBC News Summary:20/02/2015
2015-02-20 18:39:05.158906 On air next p02k0wj2:World Business Report:20/02/2015
2015-02-20 18:39:05.159165 On air next p02k0wj3:BBC News:20/02/2015
2015-02-20 18:39:05.159387 On air next p02k0wj4:The Fifth Floor:Amitabh and Me: Meeting a Bollywood Star
2015-02-20 18:39:05.159688 On air next p02k0wy0:BBC News:21/02/2015
2015-02-20 18:39:05.159929 On air next p02k0wy1:The Newsroom:21/02/2015
2015-02-20 18:39:05.160152 On air next p02k0wy2:Sports News:21/02/2015
2015-02-20 18:39:05.160492 On air next p02k0wy3:BBC News Summary:21/02/2015
2015-02-20 18:39:05.160711 On air next p02k0wy4:Stumped:Cricket and the Movies
2015-02-20 18:39:05.160983 On air next p02k0wy5:BBC News:21/02/2015
2015-02-20 18:39:05.161355 On air next p02k0wy6:Business Matters:21/02/2015
2015-02-20 18:39:05.161514 On air next p02k0wy7:BBC News:21/02/2015
2015-02-20 18:39:05.161924 On air next p02k0wy8:The Fifth Floor:Amitabh and Me: Meeting a Bollywood Star
2015-02-20 18:39:05.162107 On air next p02k0wy9:BBC News:21/02/2015
2015-02-20 18:39:05.162351 On air next p02k0wyb:The Newsroom:21/02/2015
2015-02-20 18:39:05.162625 On air next p02k0wyc:BBC News Summary:21/02/2015
2015-02-20 18:39:05.162838 On air next p02k0wyd:Heart and Soul:Food and Faith - Sikhism
2015-02-20 18:39:05.163088 On air next p02k0wyf:BBC News:21/02/2015
2015-02-20 18:39:05.163421 On air next p02k0wyg:The Newsroom:21/02/2015
2015-02-20 18:39:05.163600 On air next p02k0wyh:Sports News:21/02/2015
2015-02-20 18:39:05.163949 On air next p02k0wyj:BBC News Summary:21/02/2015
2015-02-20 18:39:05.164151 On air next p02k0wyk:
2015-02-20 18:39:05.164480 On air next p02k0wyl:BBC News:21/02/2015
2015-02-20 18:39:05.164697 On air next p02k0wym:The Newsroom:21/02/2015
2015-02-20 18:39:05.165015 On air next p02k0wyn:BBC News Summary:21/02/2015
2015-02-20 18:39:05.165310 On air next p02k0wyp:The World This Week:A new deal for Greece? Is the euro safe?